[2025-06-19T18:38:23.192Z] INFO: 🚀 Starting Lakeshore Transportation Billing Workflow
[2025-06-19T18:38:23.192Z] INFO: Log file: /home/mlefort/git/lakeshoretransp-routegenie-client/logs/billing-workflow-2025-06-19.log
[2025-06-19T18:38:23.192Z] INFO: Starting interactive input mode...
[2025-06-19T18:38:30.924Z] INFO: Configuration:
[2025-06-19T18:38:30.924Z] INFO:   • Date Range: 06/19/2025 to 06/19/2025
[2025-06-19T18:38:30.924Z] INFO:   • Starting Invoice Number: 1000
[2025-06-19T18:38:30.924Z] INFO:   • Output Directory: /home/mlefort/git/lakeshoretransp-routegenie-client/reports/billing
[2025-06-19T18:38:30.925Z] PROGRESS: Downloading billing report from RouteGenie...
[2025-06-19T18:38:42.946Z] SUCCESS: Billing report downloaded successfully
[2025-06-19T18:38:42.946Z] PROGRESS: Building invoices from billing data...
[2025-06-19T18:38:42.996Z] SUCCESS: Invoices generated successfully
[2025-06-19T18:38:42.996Z] PROGRESS: Generating QuickBooks sync file...
[2025-06-19T18:38:43.024Z] SUCCESS: QuickBooks sync file generated successfully
[2025-06-19T18:38:43.024Z] SUCCESS: 🎉 Billing workflow completed successfully!
[2025-06-19T18:38:43.024Z] INFO: Generated files:
[2025-06-19T18:38:43.024Z] INFO:   • Billing Report: /home/mlefort/git/lakeshoretransp-routegenie-client/reports/billing/2025_06_19-2025_06_19_billing.csv
[2025-06-19T18:38:43.024Z] INFO:   • Invoices: /home/mlefort/git/lakeshoretransp-routegenie-client/reports/billing/invoices.csv
[2025-06-19T18:38:43.024Z] INFO:   • QuickBooks Sync: QB sync file in /home/mlefort/git/lakeshoretransp-routegenie-client/reports/billing
[2025-06-19T18:38:43.025Z] INFO: Total files in output directory: 8
[2025-06-19T18:44:57.215Z] INFO: 🚀 Starting Lakeshore Transportation Billing Workflow
[2025-06-19T18:44:57.215Z] INFO: Log file: /home/mlefort/git/lakeshoretransp-routegenie-client/logs/billing-workflow-2025-06-19.log
[2025-06-19T18:44:57.215Z] INFO: Starting interactive input mode...
[2025-06-19T18:45:14.350Z] INFO: Configuration:
[2025-06-19T18:45:14.352Z] INFO:   • Date Range: 06/18/2025 to 06/18/2025
[2025-06-19T18:45:14.352Z] INFO:   • Starting Invoice Number: 1000
[2025-06-19T18:45:14.352Z] INFO:   • Output Directory: /home/mlefort/git/lakeshoretransp-routegenie-client/reports/billing
[2025-06-19T18:45:14.352Z] PROGRESS: Downloading billing report from RouteGenie...
[2025-06-19T18:45:26.479Z] SUCCESS: Billing report downloaded successfully
[2025-06-19T18:45:26.480Z] PROGRESS: Building invoices from billing data...
[2025-06-19T18:45:26.527Z] SUCCESS: Invoices generated successfully
[2025-06-19T18:45:26.527Z] PROGRESS: Generating QuickBooks sync file...
[2025-06-19T18:45:26.559Z] SUCCESS: QuickBooks sync file generated successfully
[2025-06-19T18:45:26.559Z] SUCCESS: 🎉 Billing workflow completed successfully!
[2025-06-19T18:45:26.559Z] INFO: Generated files:
[2025-06-19T18:45:26.559Z] INFO:   • Billing Report: /home/mlefort/git/lakeshoretransp-routegenie-client/reports/billing/2025_06_18-2025_06_18_billing.csv
[2025-06-19T18:45:26.559Z] INFO:   • Invoices: /home/mlefort/git/lakeshoretransp-routegenie-client/reports/billing/invoices.csv
[2025-06-19T18:45:26.559Z] INFO:   • QuickBooks Sync: QB sync file in /home/mlefort/git/lakeshoretransp-routegenie-client/reports/billing
[2025-06-19T18:45:26.560Z] INFO: Total files in output directory: 9
